2025-06-19 16:23:50,831 - INFO - Starting Zepto Order Automation Server
2025-06-19 16:23:58,100 - INFO - Received new order 20250619_162358 with products: ['MILK']
2025-06-19 16:23:58,100 - INFO - Checking if Chrome is running with remote debugging
2025-06-19 16:23:58,111 - INFO - Starting Chrome with remote debugging
2025-06-19 16:23:58,166 - INFO - Chrome is already running. Please close all Chrome instances first.
2025-06-19 16:23:58,166 - INFO - Attempting to kill existing Chrome instances...
2025-06-19 16:23:58,170 - INFO - Waiting for Chrome to be ready (attempt 1/10)
2025-06-19 16:24:00,175 - INFO - Chrome started successfully
2025-06-19 16:24:00,759 - INFO - Initializing Playwright
2025-06-19 16:24:00,759 - INFO - Connecting to Chrome (attempt 1/3)
2025-06-19 16:24:01,234 - INFO - Connected to Chrome instance
2025-06-19 16:24:01,234 - INFO - Using existing browser context
2025-06-19 16:24:01,234 - INFO - Using existing page
2025-06-19 16:24:01,234 - INFO - Processing product: MILK
2025-06-19 16:24:01,234 - INFO - Navigating to search URL: https://www.zeptonow.com/search?query=MILK
2025-06-19 16:24:02,685 - INFO - Attempting to find Add to Cart button
2025-06-19 16:24:02,920 - INFO - Found Add to Cart button using selector: button:has-text("Add")
2025-06-19 16:24:06,708 - INFO - Successfully added MILK to cart
2025-06-19 16:24:06,708 - INFO - Proceeding to checkout
2025-06-19 16:24:07,634 - INFO - Opening cart using URL: https://www.zeptonow.com/search?query=MILK&cart=open
2025-06-19 16:24:13,339 - INFO - Successfully opened cart
2025-06-19 16:24:13,339 - INFO - Looking for payment button
2025-06-19 16:24:13,542 - ERROR - Error during checkout: Page.wait_for_selector: Timeout 200ms exceeded.
Call log:
  - waiting for locator("button:has-text(\"Click to Pay\")") to be visible

2025-06-19 16:24:13,556 - ERROR - Browser automation error: 400: Error during checkout: Page.wait_for_selector: Timeout 200ms exceeded.
Call log:
  - waiting for locator("button:has-text(\"Click to Pay\")") to be visible

